{
  "stats": {
    "suites": 3,
    "tests": 4,
    "passes": 4,
    "pending": 0,
    "failures": 0,
    "start": "2023-06-08T08:37:50.173Z",
    "end": "2023-06-08T08:37:59.674Z",
    "duration": 9501,
    "testsRegistered": 4,
    "passPercent": 100,
    "pendingPercent": 0,
    "other": 0,
    "hasOther": false,
    "skipped": 0,
    "hasSkipped": false
  },
  "results": [
    {
      "uuid": "1bc211d5-fd1b-45f5-96fb-01a454a12f98",
      "title": "",
      "fullFile": "",
      "file": "",
      "beforeHooks": [],
      "afterHooks": [],
      "tests": [],
      "suites": [
        {
          "uuid": "c30c7585-c748-4a9c-8172-7ed5a1cff773",
          "title": "Codeforces Login Page Testing...",
          "fullFile": "/home/tajnur/Desktop/TAJNUR/ui-testing-using-selenium/test/assertionTest.js",
          "file": "/test/assertionTest.js",
          "beforeHooks": [],
          "afterHooks": [],
          "tests": [
            {
              "title": "Assertion test",
              "fullTitle": "Codeforces Login Page Testing... Assertion test",
              "timedOut": null,
              "duration": 5224,
              "state": "passed",
              "speed": "slow",
              "pass": true,
              "fail": false,
              "pending": false,
              "context": null,
              "code": "await assertionTest();",
              "err": {},
              "uuid": "8aac5ae2-ef95-4c5e-9a29-afeaf86173d0",
              "parentUUID": null,
              "isHook": false,
              "skipped": false
            }
          ],
          "suites": [],
          "passes": [
            "8aac5ae2-ef95-4c5e-9a29-afeaf86173d0"
          ],
          "failures": [],
          "pending": [],
          "skipped": [],
          "duration": 5224,
          "root": false,
          "rootEmpty": false,
          "_timeout": null
        },
        {
          "uuid": "cf6fb90c-8155-488b-b871-3c7da75de65a",
          "title": "Codeforces Login Page Testing...",
          "fullFile": "/home/tajnur/Desktop/TAJNUR/ui-testing-using-selenium/test/loginTest.js",
          "file": "/test/loginTest.js",
          "beforeHooks": [],
          "afterHooks": [],
          "tests": [
            {
              "title": "Login test",
              "fullTitle": "Codeforces Login Page Testing... Login test",
              "timedOut": null,
              "duration": 5501,
              "state": "passed",
              "speed": "slow",
              "pass": true,
              "fail": false,
              "pending": false,
              "context": null,
              "code": "await loginTest();",
              "err": {},
              "uuid": "d2e7e7ee-b7a9-41e9-9dd4-34e81d7f1d07",
              "parentUUID": null,
              "isHook": false,
              "skipped": false
            }
          ],
          "suites": [],
          "passes": [
            "d2e7e7ee-b7a9-41e9-9dd4-34e81d7f1d07"
          ],
          "failures": [],
          "pending": [],
          "skipped": [],
          "duration": 5501,
          "root": false,
          "rootEmpty": false,
          "_timeout": null
        },
        {
          "uuid": "503485b3-e271-49a8-8bce-444821d76c6e",
          "title": "Codeforces Login Page Testing...",
          "fullFile": "/home/tajnur/Desktop/TAJNUR/ui-testing-using-selenium/test/codeforcesLoginPage.js",
          "file": "/test/codeforcesLoginPage.js",
          "beforeHooks": [],
          "afterHooks": [],
          "tests": [
            {
              "title": "Login test",
              "fullTitle": "Codeforces Login Page Testing... Login test",
              "timedOut": null,
              "duration": 5534,
              "state": "passed",
              "speed": "slow",
              "pass": true,
              "fail": false,
              "pending": false,
              "context": null,
              "code": "await loginTest();",
              "err": {},
              "uuid": "a6bd3b6e-a2bb-447d-a995-f4aad22ace41",
              "parentUUID": null,
              "isHook": false,
              "skipped": false
            },
            {
              "title": "Assertion test",
              "fullTitle": "Codeforces Login Page Testing... Assertion test",
              "timedOut": null,
              "duration": 3418,
              "state": "passed",
              "speed": "slow",
              "pass": true,
              "fail": false,
              "pending": false,
              "context": null,
              "code": "await assertionTest();",
              "err": {},
              "uuid": "251e4aa1-9188-42a3-a318-d061089592bc",
              "parentUUID": null,
              "isHook": false,
              "skipped": false
            }
          ],
          "suites": [],
          "passes": [
            "a6bd3b6e-a2bb-447d-a995-f4aad22ace41",
            "251e4aa1-9188-42a3-a318-d061089592bc"
          ],
          "failures": [],
          "pending": [],
          "skipped": [],
          "duration": 8952,
          "root": false,
          "rootEmpty": false,
          "_timeout": null
        }
      ],
      "passes": [],
      "failures": [],
      "pending": [],
      "skipped": [],
      "duration": 0,
      "root": true,
      "rootEmpty": true,
      "_timeout": 0
    }
  ],
  "meta": {
    "mocha": {
      "version": "10.2.0"
    },
    "mochawesome": {
      "options": {
        "quiet": false,
        "reportFilename": "testResults.html",
        "saveHtml": true,
        "saveJson": true,
        "consoleReporter": "spec",
        "useInlineDiffs": false,
        "code": true
      },
      "version": "7.1.3"
    },
    "marge": {
      "options": {
        "reportDir": "/home/tajnur/Desktop/TAJNUR/ui-testing-using-selenium/test-report",
        "reportFilename": "testResults.html"
      },
      "version": "6.2.0"
    }
  }
}